#
# There is insufficient memory for the Java Runtime Environment to continue.
# Native memory allocation (malloc) failed to allocate 2091424 bytes. Error detail: Chunk::new
# Possible reasons:
#   The system is out of physical RAM or swap space
#   This process is running with CompressedOops enabled, and the Java Heap may be blocking the growth of the native heap
# Possible solutions:
#   Reduce memory load on the system
#   Increase physical memory or swap space
#   Check if swap backing store is full
#   Decrease Java heap size (-Xmx/-Xms)
#   Decrease number of Java threads
#   Decrease Java thread stack sizes (-Xss)
#   Set larger code cache with -XX:ReservedCodeCacheSize=
#   JVM is running with Unscaled Compressed Oops mode in which the Java heap is
#     placed in the first 4GB address space. The Java Heap base address is the
#     maximum limit for the native heap growth. Please use -XX:HeapBaseMinAddress
#     to set the Java Heap base and to place the Java Heap above 4GB virtual address.
# This output file may be truncated or incomplete.
#
#  Out of Memory Error (arena.cpp:149), pid=12648, tid=7356
#
# JRE version: Java(TM) SE Runtime Environment (23.0.2+7) (build 23.0.2+7-58)
# Java VM: Java HotSpot(TM) 64-Bit Server VM (23.0.2+7-58, mixed mode, sharing, tiered, compressed oops, compressed class ptrs, g1 gc, windows-amd64)
# No core dump will be written. Minidumps are not enabled by default on client versions of Windows
#

---------------  S U M M A R Y ------------

Command Line: -Dfile.encoding=UTF-8 raven.application.Application

Host: Intel(R) Core(TM) i3-10110U CPU @ 2.10GHz, 4 cores, 3G,  Windows 11 , 64 bit Build 22621 (10.0.22621.5124)
Time: Thu May 22 08:08:29 2025 SE Asia Standard Time elapsed time: 14.237587 seconds (0d 0h 0m 14s)

---------------  T H R E A D  ---------------

Current thread (0x000001fc50148510):  JavaThread "C2 CompilerThread0" daemon [_thread_in_native, id=7356, stack(0x000000f216f00000,0x000000f217000000) (1024K)]


Current CompileTask:
C2:14237 3059       4       java.lang.invoke.MethodType::makeImpl (109 bytes)

Stack: [0x000000f216f00000,0x000000f217000000]
Native frames: (J=compiled Java code, j=interpreted, Vv=VM code, C=native code)
V  [jvm.dll+0x6e0b99]  (no source info available)
V  [jvm.dll+0x87e2b3]  (no source info available)
V  [jvm.dll+0x88073e]  (no source info available)
V  [jvm.dll+0x880e13]  (no source info available)
V  [jvm.dll+0x27b006]  (no source info available)
V  [jvm.dll+0xbc06f]  (no source info available)
V  [jvm.dll+0xbc2cb]  (no source info available)
V  [jvm.dll+0x3b3c5c]  (no source info available)
V  [jvm.dll+0x38a55b]  (no source info available)
V  [jvm.dll+0x3899ca]  (no source info available)
V  [jvm.dll+0x244ba1]  (no source info available)
V  [jvm.dll+0x243eff]  (no source info available)
V  [jvm.dll+0x1c34b0]  (no source info available)
V  [jvm.dll+0x253df1]  (no source info available)
V  [jvm.dll+0x2520aa]  (no source info available)
V  [jvm.dll+0x3ee226]  (no source info available)
V  [jvm.dll+0x8254cb]  (no source info available)
V  [jvm.dll+0x6df345]  (no source info available)
C  [ucrtbase.dll+0x29333]  (no source info available)
C  [KERNEL32.DLL+0x1259d]  (no source info available)
C  [ntdll.dll+0x5af38]  (no source info available)

Lock stack of current Java thread (top to bottom):


---------------  P R O C E S S  ---------------

Threads class SMR info:
_java_thread_list=0x000001fc501a56e0, length=17, elements={
0x000001fc5013e2c0, 0x000001fc50141de0, 0x000001fc50143850, 0x000001fc501442b0,
0x000001fc50144d10, 0x000001fc50145770, 0x000001fc50148510, 0x000001fc50178cd0,
0x000001fc502b03c0, 0x000001fc502b9a70, 0x000001fc5050fae0, 0x000001fc505aa770,
0x000001fc552216d0, 0x000001fc554383c0, 0x000001fc66fc5cb0, 0x000001fc56a97960,
0x000001fc56b65300
}

Java Threads: ( => current thread )
  0x000001fc5013e2c0 JavaThread "Reference Handler"          daemon [_thread_blocked, id=4620, stack(0x000000f216900000,0x000000f216a00000) (1024K)]
  0x000001fc50141de0 JavaThread "Finalizer"                  daemon [_thread_blocked, id=18476, stack(0x000000f216a00000,0x000000f216b00000) (1024K)]
  0x000001fc50143850 JavaThread "Signal Dispatcher"          daemon [_thread_blocked, id=18688, stack(0x000000f216b00000,0x000000f216c00000) (1024K)]
  0x000001fc501442b0 JavaThread "Attach Listener"            daemon [_thread_blocked, id=9236, stack(0x000000f216c00000,0x000000f216d00000) (1024K)]
  0x000001fc50144d10 JavaThread "Service Thread"             daemon [_thread_blocked, id=1512, stack(0x000000f216d00000,0x000000f216e00000) (1024K)]
  0x000001fc50145770 JavaThread "Monitor Deflation Thread"   daemon [_thread_blocked, id=15656, stack(0x000000f216e00000,0x000000f216f00000) (1024K)]
=>0x000001fc50148510 JavaThread "C2 CompilerThread0"         daemon [_thread_in_native, id=7356, stack(0x000000f216f00000,0x000000f217000000) (1024K)]
  0x000001fc50178cd0 JavaThread "C1 CompilerThread0"         daemon [_thread_blocked, id=13628, stack(0x000000f217000000,0x000000f217100000) (1024K)]
  0x000001fc502b03c0 JavaThread "Notification Thread"        daemon [_thread_blocked, id=13872, stack(0x000000f217100000,0x000000f217200000) (1024K)]
  0x000001fc502b9a70 JavaThread "Common-Cleaner"             daemon [_thread_blocked, id=8632, stack(0x000000f217200000,0x000000f217300000) (1024K)]
  0x000001fc5050fae0 JavaThread "Java2D Disposer"            daemon [_thread_blocked, id=2524, stack(0x000000f217300000,0x000000f217400000) (1024K)]
  0x000001fc505aa770 JavaThread "AWT-Shutdown"                      [_thread_blocked, id=14868, stack(0x000000f217700000,0x000000f217800000) (1024K)]
  0x000001fc552216d0 JavaThread "AWT-Windows"                daemon [_thread_in_native, id=13076, stack(0x000000f217800000,0x000000f217900000) (1024K)]
  0x000001fc554383c0 JavaThread "AWT-EventQueue-0"                  [_thread_blocked, id=15332, stack(0x000000f217900000,0x000000f217a00000) (1024K)]
  0x000001fc66fc5cb0 JavaThread "DestroyJavaVM"                     [_thread_blocked, id=9132, stack(0x000000f216100000,0x000000f216200000) (1024K)]
  0x000001fc56a97960 JavaThread "mysql-cj-abandoned-connection-cleanup" daemon [_thread_blocked, id=2292, stack(0x000000f217b00000,0x000000f217c00000) (1024K)]
  0x000001fc56b65300 JavaThread "TimerQueue"                 daemon [_thread_blocked, id=1944, stack(0x000000f217f00000,0x000000f218000000) (1024K)]
Total: 17

Other Threads:
  0x000001fc693edea0 VMThread "VM Thread"                           [id=18756, stack(0x000000f216800000,0x000000f216900000) (1024K)]
  0x000001fc693e1730 WatcherThread "VM Periodic Task Thread"        [id=14852, stack(0x000000f216700000,0x000000f216800000) (1024K)]
  0x000001fc69371dd0 WorkerThread "GC Thread#0"                     [id=11880, stack(0x000000f216200000,0x000000f216300000) (1024K)]
  0x000001fc551d0c00 WorkerThread "GC Thread#1"                     [id=18856, stack(0x000000f217400000,0x000000f217500000) (1024K)]
  0x000001fc554bd470 WorkerThread "GC Thread#2"                     [id=17184, stack(0x000000f217500000,0x000000f217600000) (1024K)]
  0x000001fc554bd820 WorkerThread "GC Thread#3"                     [id=14948, stack(0x000000f217600000,0x000000f217700000) (1024K)]
  0x000001fc6937c7e0 ConcurrentGCThread "G1 Main Marker"            [id=9436, stack(0x000000f216300000,0x000000f216400000) (1024K)]
  0x000001fc6937e300 WorkerThread "G1 Conc#0"                       [id=7868, stack(0x000000f216400000,0x000000f216500000) (1024K)]
  0x000001fc693d25b0 ConcurrentGCThread "G1 Refine#0"               [id=14064, stack(0x000000f216500000,0x000000f216600000) (1024K)]
  0x000001fc693d32e0 ConcurrentGCThread "G1 Service"                [id=4664, stack(0x000000f216600000,0x000000f216700000) (1024K)]
Total: 10

Threads with active compile tasks:
C2 CompilerThread0  14374 3059       4       java.lang.invoke.MethodType::makeImpl (109 bytes)
Total: 1

VM state: not at safepoint (normal execution)

VM Mutex/Monitor currently owned by a thread: None

Heap address: 0x00000000c2800000, size: 984 MB, Compressed Oops mode: 32-bit

CDS archive(s) mapped at: [0x000001fc0f000000-0x000001fc0fd70000-0x000001fc0fd70000), size 14090240, SharedBaseAddress: 0x000001fc0f000000, ArchiveRelocationMode: 1.
Compressed class space mapped at: 0x000001fc10000000-0x000001fc50000000, reserved size: 1073741824
Narrow klass base: 0x000001fc0f000000, Narrow klass shift: 0, Narrow klass range: 0x41000000

GC Precious Log:
 CardTable entry size: 512
 Card Set container configuration: InlinePtr #cards 5 size 8 Array Of Cards #cards 10 size 36 Howl #buckets 4 coarsen threshold 1843 Howl Bitmap #cards 512 size 80 coarsen threshold 460 Card regions per heap region 1 cards per card region 2048
 CPUs: 4 total, 4 available
 Memory: 3933M
 Large Page Support: Disabled
 NUMA Support: Disabled
 Compressed Oops: Enabled (32-bit)
 Heap Region Size: 1M
 Heap Min Capacity: 8M
 Heap Initial Capacity: 62M
 Heap Max Capacity: 984M
 Pre-touch: Disabled
 Parallel Workers: 4
 Concurrent Workers: 1
 Concurrent Refinement Workers: 4
 Periodic GC: Disabled

Heap:
 garbage-first heap   total reserved 1007616K, committed 63488K, used 32667K [0x00000000c2800000, 0x0000000100000000)
  region size 1024K, 8 young (8192K), 4 survivors (4096K)
 Metaspace       used 22044K, committed 22400K, reserved 1114112K
  class space    used 2626K, committed 2752K, reserved 1048576K

Heap Regions: E=young(eden), S=young(survivor), O=old, HS=humongous(starts), HC=humongous(continues), CS=collection set, F=free, TAMS=top-at-mark-start, PB=parsable bottom
|   0|0x00000000c2800000, 0x00000000c2900000, 0x00000000c2900000|100%| O|  |TAMS 0x00000000c2800000| PB 0x00000000c2800000| Untracked |  0
|   1|0x00000000c2900000, 0x00000000c2a00000, 0x00000000c2a00000|100%| O|  |TAMS 0x00000000c2900000| PB 0x00000000c2900000| Untracked |  0
|   2|0x00000000c2a00000, 0x00000000c2b00000, 0x00000000c2b00000|100%| O|  |TAMS 0x00000000c2a00000| PB 0x00000000c2a00000| Untracked |  0
|   3|0x00000000c2b00000, 0x00000000c2be6cf0, 0x00000000c2c00000| 90%| O|  |TAMS 0x00000000c2b00000| PB 0x00000000c2b00000| Untracked |  0
|   4|0x00000000c2c00000, 0x00000000c2d00000, 0x00000000c2d00000|100%|HS|  |TAMS 0x00000000c2c00000| PB 0x00000000c2c00000| Complete |  1
|   5|0x00000000c2d00000, 0x00000000c2e00000, 0x00000000c2e00000|100%|HC|  |TAMS 0x00000000c2d00000| PB 0x00000000c2d00000| Complete |  0
|   6|0x00000000c2e00000, 0x00000000c2f00000, 0x00000000c2f00000|100%|HC|  |TAMS 0x00000000c2e00000| PB 0x00000000c2e00000| Complete |  0
|   7|0x00000000c2f00000, 0x00000000c3000000, 0x00000000c3000000|100%|HC|  |TAMS 0x00000000c2f00000| PB 0x00000000c2f00000| Complete |  0
|   8|0x00000000c3000000, 0x00000000c3100000, 0x00000000c3100000|100%|HC|  |TAMS 0x00000000c3000000| PB 0x00000000c3000000| Complete |  0
|   9|0x00000000c3100000, 0x00000000c3200000, 0x00000000c3200000|100%|HC|  |TAMS 0x00000000c3100000| PB 0x00000000c3100000| Complete |  0
|  10|0x00000000c3200000, 0x00000000c3300000, 0x00000000c3300000|100%|HC|  |TAMS 0x00000000c3200000| PB 0x00000000c3200000| Complete |  0
|  11|0x00000000c3300000, 0x00000000c3400000, 0x00000000c3400000|100%|HS|  |TAMS 0x00000000c3300000| PB 0x00000000c3300000| Complete |  0
|  12|0x00000000c3400000, 0x00000000c3500000, 0x00000000c3500000|100%|HC|  |TAMS 0x00000000c3400000| PB 0x00000000c3400000| Complete |  0
|  13|0x00000000c3500000, 0x00000000c3600000, 0x00000000c3600000|100%|HC|  |TAMS 0x00000000c3500000| PB 0x00000000c3500000| Complete |  0
|  14|0x00000000c3600000, 0x00000000c3700000, 0x00000000c3700000|100%|HC|  |TAMS 0x00000000c3600000| PB 0x00000000c3600000| Complete |  0
|  15|0x00000000c3700000, 0x00000000c3800000, 0x00000000c3800000|100%|HC|  |TAMS 0x00000000c3700000| PB 0x00000000c3700000| Complete |  0
|  16|0x00000000c3800000, 0x00000000c3900000, 0x00000000c3900000|100%|HC|  |TAMS 0x00000000c3800000| PB 0x00000000c3800000| Complete |  0
|  17|0x00000000c3900000, 0x00000000c3a00000, 0x00000000c3a00000|100%|HC|  |TAMS 0x00000000c3900000| PB 0x00000000c3900000| Complete |  0
|  18|0x00000000c3a00000, 0x00000000c3b00000, 0x00000000c3b00000|100%|HS|  |TAMS 0x00000000c3a00000| PB 0x00000000c3a00000| Complete |  0
|  19|0x00000000c3b00000, 0x00000000c3c00000, 0x00000000c3c00000|100%|HC|  |TAMS 0x00000000c3b00000| PB 0x00000000c3b00000| Complete |  0
|  20|0x00000000c3c00000, 0x00000000c3d00000, 0x00000000c3d00000|100%|HC|  |TAMS 0x00000000c3c00000| PB 0x00000000c3c00000| Complete |  0
|  21|0x00000000c3d00000, 0x00000000c3e00000, 0x00000000c3e00000|100%|HC|  |TAMS 0x00000000c3d00000| PB 0x00000000c3d00000| Complete |  0
|  22|0x00000000c3e00000, 0x00000000c3f00000, 0x00000000c3f00000|100%|HC|  |TAMS 0x00000000c3e00000| PB 0x00000000c3e00000| Complete |  0
|  23|0x00000000c3f00000, 0x00000000c4000000, 0x00000000c4000000|100%|HC|  |TAMS 0x00000000c3f00000| PB 0x00000000c3f00000| Complete |  0
|  24|0x00000000c4000000, 0x00000000c4100000, 0x00000000c4100000|100%|HC|  |TAMS 0x00000000c4000000| PB 0x00000000c4000000| Complete |  0
|  25|0x00000000c4100000, 0x00000000c4100000, 0x00000000c4200000|  0%| F|  |TAMS 0x00000000c4100000| PB 0x00000000c4100000| Untracked |  0
|  26|0x00000000c4200000, 0x00000000c4200000, 0x00000000c4300000|  0%| F|  |TAMS 0x00000000c4200000| PB 0x00000000c4200000| Untracked |  0
|  27|0x00000000c4300000, 0x00000000c4300000, 0x00000000c4400000|  0%| F|  |TAMS 0x00000000c4300000| PB 0x00000000c4300000| Untracked |  0
|  28|0x00000000c4400000, 0x00000000c4400000, 0x00000000c4500000|  0%| F|  |TAMS 0x00000000c4400000| PB 0x00000000c4400000| Untracked |  0
|  29|0x00000000c4500000, 0x00000000c4500000, 0x00000000c4600000|  0%| F|  |TAMS 0x00000000c4500000| PB 0x00000000c4500000| Untracked |  0
|  30|0x00000000c4600000, 0x00000000c4600000, 0x00000000c4700000|  0%| F|  |TAMS 0x00000000c4600000| PB 0x00000000c4600000| Untracked |  0
|  31|0x00000000c4700000, 0x00000000c4700000, 0x00000000c4800000|  0%| F|  |TAMS 0x00000000c4700000| PB 0x00000000c4700000| Untracked |  0
|  32|0x00000000c4800000, 0x00000000c4800000, 0x00000000c4900000|  0%| F|  |TAMS 0x00000000c4800000| PB 0x00000000c4800000| Untracked |  0
|  33|0x00000000c4900000, 0x00000000c4900000, 0x00000000c4a00000|  0%| F|  |TAMS 0x00000000c4900000| PB 0x00000000c4900000| Untracked |  0
|  34|0x00000000c4a00000, 0x00000000c4a00000, 0x00000000c4b00000|  0%| F|  |TAMS 0x00000000c4a00000| PB 0x00000000c4a00000| Untracked |  0
|  35|0x00000000c4b00000, 0x00000000c4b00000, 0x00000000c4c00000|  0%| F|  |TAMS 0x00000000c4b00000| PB 0x00000000c4b00000| Untracked |  0
|  36|0x00000000c4c00000, 0x00000000c4c00000, 0x00000000c4d00000|  0%| F|  |TAMS 0x00000000c4c00000| PB 0x00000000c4c00000| Untracked |  0
|  37|0x00000000c4d00000, 0x00000000c4d00000, 0x00000000c4e00000|  0%| F|  |TAMS 0x00000000c4d00000| PB 0x00000000c4d00000| Untracked |  0
|  38|0x00000000c4e00000, 0x00000000c4f00000, 0x00000000c4f00000|100%| S|CS|TAMS 0x00000000c4e00000| PB 0x00000000c4e00000| Complete |  0
|  39|0x00000000c4f00000, 0x00000000c5000000, 0x00000000c5000000|100%| S|CS|TAMS 0x00000000c4f00000| PB 0x00000000c4f00000| Complete |  0
|  40|0x00000000c5000000, 0x00000000c5100000, 0x00000000c5100000|100%| S|CS|TAMS 0x00000000c5000000| PB 0x00000000c5000000| Complete |  0
|  41|0x00000000c5100000, 0x00000000c5200000, 0x00000000c5200000|100%| S|CS|TAMS 0x00000000c5100000| PB 0x00000000c5100000| Complete |  0
|  42|0x00000000c5200000, 0x00000000c5200000, 0x00000000c5300000|  0%| F|  |TAMS 0x00000000c5200000| PB 0x00000000c5200000| Untracked |  0
|  43|0x00000000c5300000, 0x00000000c5300000, 0x00000000c5400000|  0%| F|  |TAMS 0x00000000c5300000| PB 0x00000000c5300000| Untracked |  0
|  44|0x00000000c5400000, 0x00000000c5400000, 0x00000000c5500000|  0%| F|  |TAMS 0x00000000c5400000| PB 0x00000000c5400000| Untracked |  0
|  45|0x00000000c5500000, 0x00000000c5500000, 0x00000000c5600000|  0%| F|  |TAMS 0x00000000c5500000| PB 0x00000000c5500000| Untracked |  0
|  46|0x00000000c5600000, 0x00000000c5600000, 0x00000000c5700000|  0%| F|  |TAMS 0x00000000c5600000| PB 0x00000000c5600000| Untracked |  0
|  47|0x00000000c5700000, 0x00000000c5700000, 0x00000000c5800000|  0%| F|  |TAMS 0x00000000c5700000| PB 0x00000000c5700000| Untracked |  0
|  48|0x00000000c5800000, 0x00000000c5800000, 0x00000000c5900000|  0%| F|  |TAMS 0x00000000c5800000| PB 0x00000000c5800000| Untracked |  0
|  49|0x00000000c5900000, 0x00000000c5900000, 0x00000000c5a00000|  0%| F|  |TAMS 0x00000000c5900000| PB 0x00000000c5900000| Untracked |  0
|  50|0x00000000c5a00000, 0x00000000c5a00000, 0x00000000c5b00000|  0%| F|  |TAMS 0x00000000c5a00000| PB 0x00000000c5a00000| Untracked |  0
|  51|0x00000000c5b00000, 0x00000000c5b00000, 0x00000000c5c00000|  0%| F|  |TAMS 0x00000000c5b00000| PB 0x00000000c5b00000| Untracked |  0
|  52|0x00000000c5c00000, 0x00000000c5c00000, 0x00000000c5d00000|  0%| F|  |TAMS 0x00000000c5c00000| PB 0x00000000c5c00000| Untracked |  0
|  53|0x00000000c5d00000, 0x00000000c5d00000, 0x00000000c5e00000|  0%| F|  |TAMS 0x00000000c5d00000| PB 0x00000000c5d00000| Untracked |  0
|  54|0x00000000c5e00000, 0x00000000c5e00000, 0x00000000c5f00000|  0%| F|  |TAMS 0x00000000c5e00000| PB 0x00000000c5e00000| Untracked |  0
|  55|0x00000000c5f00000, 0x00000000c5f00000, 0x00000000c6000000|  0%| F|  |TAMS 0x00000000c5f00000| PB 0x00000000c5f00000| Untracked |  0
|  56|0x00000000c6000000, 0x00000000c6000000, 0x00000000c6100000|  0%| F|  |TAMS 0x00000000c6000000| PB 0x00000000c6000000| Untracked |  0
|  57|0x00000000c6100000, 0x00000000c6100000, 0x00000000c6200000|  0%| F|  |TAMS 0x00000000c6100000| PB 0x00000000c6100000| Untracked |  0
|  58|0x00000000c6200000, 0x00000000c62f0410, 0x00000000c6300000| 93%| E|  |TAMS 0x00000000c6200000| PB 0x00000000c6200000| Complete |  0
|  59|0x00000000c6300000, 0x00000000c6400000, 0x00000000c6400000|100%| E|CS|TAMS 0x00000000c6300000| PB 0x00000000c6300000| Complete |  0
|  60|0x00000000c6400000, 0x00000000c6500000, 0x00000000c6500000|100%| E|CS|TAMS 0x00000000c6400000| PB 0x00000000c6400000| Complete |  0
|  61|0x00000000c6500000, 0x00000000c6600000, 0x00000000c6600000|100%| E|CS|TAMS 0x00000000c6500000| PB 0x00000000c6500000| Complete |  0

Card table byte_map: [0x000001fc71c60000,0x000001fc71e50000] _byte_map_base: 0x000001fc7164c000

Marking Bits: (CMBitMap*) 0x000001fc693724e0
 Bits: [0x000001fc71e50000, 0x000001fc72db0000)

Polling page: 0x000001fc672f0000

Metaspace:

Usage:
  Non-class:     18.96 MB used.
      Class:      2.56 MB used.
       Both:     21.53 MB used.

Virtual space:
  Non-class space:       64.00 MB reserved,      19.19 MB ( 30%) committed,  1 nodes.
      Class space:        1.00 GB reserved,       2.69 MB ( <1%) committed,  1 nodes.
             Both:        1.06 GB reserved,      21.88 MB (  2%) committed. 

Chunk freelists:
   Non-Class:  12.42 MB
       Class:  13.14 MB
        Both:  25.56 MB

MaxMetaspaceSize: unlimited
CompressedClassSpaceSize: 1.00 GB
Initial GC threshold: 21.00 MB
Current GC threshold: 35.25 MB
CDS: on
 - commit_granule_bytes: 65536.
 - commit_granule_words: 8192.
 - virtual_space_node_default_size: 8388608.
 - enlarge_chunks_in_place: 1.
 - use_allocation_guard: 0.


Internal statistics:

num_allocs_failed_limit: 3.
num_arena_births: 326.
num_arena_deaths: 0.
num_vsnodes_births: 2.
num_vsnodes_deaths: 0.
num_space_committed: 350.
num_space_uncommitted: 0.
num_chunks_returned_to_freelist: 3.
num_chunks_taken_from_freelist: 665.
num_chunk_merges: 3.
num_chunk_splits: 421.
num_chunks_enlarged: 268.
num_inconsistent_stats: 0.

CodeHeap 'non-profiled nmethods': size=120064Kb used=1062Kb max_used=1062Kb free=119001Kb
 bounds [0x000001fc07ac0000, 0x000001fc07d30000, 0x000001fc0f000000]
CodeHeap 'profiled nmethods': size=120000Kb used=4975Kb max_used=4975Kb free=115025Kb
 bounds [0x000001fc00000000, 0x000001fc004e0000, 0x000001fc07530000]
CodeHeap 'non-nmethods': size=5696Kb used=1778Kb max_used=1800Kb free=3917Kb
 bounds [0x000001fc07530000, 0x000001fc077a0000, 0x000001fc07ac0000]
CodeCache: size=245760Kb, used=7815Kb, max_used=7837Kb, free=237943Kb
 total_blobs=4103, nmethods=3274, adapters=733, full_count=0
Compilation: enabled, stopped_count=0, restarted_count=0

Compilation events (20 events):
Event: 14.182 Thread 0x000001fc50178cd0 nmethod 3199 0x000001fc07bc6508 code [0x000001fc07bc6620, 0x000001fc07bc66e8]
Event: 14.198 Thread 0x000001fc50178cd0 3200       3       sun.awt.windows.WToolkit::targetToPeer (5 bytes)
Event: 14.198 Thread 0x000001fc50178cd0 nmethod 3200 0x000001fc004b2b08 code [0x000001fc004b2ce0, 0x000001fc004b3430]
Event: 14.202 Thread 0x000001fc50178cd0 3201       3       sun.java2d.marlin.DMarlinRenderingEngine::pathToLoop (534 bytes)
Event: 14.203 Thread 0x000001fc50178cd0 nmethod 3201 0x000001fc004b3508 code [0x000001fc004b3940, 0x000001fc004b5500]
Event: 14.204 Thread 0x000001fc50178cd0 3202       3       sun.java2d.marlin.MarlinTileGenerator::getAlphaRLE (1749 bytes)
Event: 14.213 Thread 0x000001fc50178cd0 nmethod 3202 0x000001fc004b5588 code [0x000001fc004b59a0, 0x000001fc004b84e0]
Event: 14.214 Thread 0x000001fc50178cd0 3203       3       sun.java2d.marlin.MarlinCache::copyAARowRLE_WithBlockFlags (733 bytes)
Event: 14.215 Thread 0x000001fc50178cd0 nmethod 3203 0x000001fc004b8588 code [0x000001fc004b87c0, 0x000001fc004b97a8]
Event: 14.221 Thread 0x000001fc50178cd0 3205       3       java.lang.Module::canRead (86 bytes)
Event: 14.222 Thread 0x000001fc50178cd0 nmethod 3205 0x000001fc004b9808 code [0x000001fc004b9b60, 0x000001fc004bb530]
Event: 14.230 Thread 0x000001fc50178cd0 3206       3       com.sun.org.apache.xerces.internal.xni.QName::clear (21 bytes)
Event: 14.231 Thread 0x000001fc50178cd0 nmethod 3206 0x000001fc004bb608 code [0x000001fc004bb720, 0x000001fc004bb8e8]
Event: 14.231 Thread 0x000001fc50178cd0 3207       3       com.sun.org.apache.xerces.internal.xni.QName::<init> (9 bytes)
Event: 14.231 Thread 0x000001fc50178cd0 nmethod 3207 0x000001fc004bb908 code [0x000001fc004bba40, 0x000001fc004bbcd8]
Event: 14.231 Thread 0x000001fc50178cd0 3208       3       com.sun.org.apache.xerces.internal.impl.XMLEntityScanner::checkEntityLimit (50 bytes)
Event: 14.232 Thread 0x000001fc50178cd0 nmethod 3208 0x000001fc004bbd08 code [0x000001fc004bbe60, 0x000001fc004bc168]
Event: 14.232 Thread 0x000001fc50178cd0 3209       1       com.github.weisj.jsvg.parser.LoadHelper::attributeParser (5 bytes)
Event: 14.232 Thread 0x000001fc50178cd0 nmethod 3209 0x000001fc07bc6b08 code [0x000001fc07bc6c20, 0x000001fc07bc6ce8]
Event: 14.232 Thread 0x000001fc50178cd0 3210   !   3       jdk.internal.math.FloatingDecimal::readJavaFormatString (826 bytes)

GC Heap History (6 events):
Event: 2.405 GC heap before
{Heap before GC invocations=0 (full 0):
 garbage-first heap   total reserved 1007616K, committed 63488K, used 14336K [0x00000000c2800000, 0x0000000100000000)
  region size 1024K, 14 young (14336K), 0 survivors (0K)
 Metaspace       used 4090K, committed 4288K, reserved 1114112K
  class space    used 396K, committed 512K, reserved 1048576K
}
Event: 2.419 GC heap after
{Heap after GC invocations=1 (full 0):
 garbage-first heap   total reserved 1007616K, committed 63488K, used 2656K [0x00000000c2800000, 0x0000000100000000)
  region size 1024K, 2 young (2048K), 2 survivors (2048K)
 Metaspace       used 4090K, committed 4288K, reserved 1114112K
  class space    used 396K, committed 512K, reserved 1048576K
}
Event: 3.897 GC heap before
{Heap before GC invocations=1 (full 0):
 garbage-first heap   total reserved 1007616K, committed 63488K, used 14944K [0x00000000c2800000, 0x0000000100000000)
  region size 1024K, 15 young (15360K), 2 survivors (2048K)
 Metaspace       used 12328K, committed 12608K, reserved 1114112K
  class space    used 1463K, committed 1600K, reserved 1048576K
}
Event: 3.905 GC heap after
{Heap after GC invocations=2 (full 0):
 garbage-first heap   total reserved 1007616K, committed 63488K, used 5385K [0x00000000c2800000, 0x0000000100000000)
  region size 1024K, 2 young (2048K), 2 survivors (2048K)
 Metaspace       used 12328K, committed 12608K, reserved 1114112K
  class space    used 1463K, committed 1600K, reserved 1048576K
}
Event: 13.908 GC heap before
{Heap before GC invocations=2 (full 0):
 garbage-first heap   total reserved 1007616K, committed 63488K, used 36105K [0x00000000c2800000, 0x0000000100000000)
  region size 1024K, 20 young (20480K), 2 survivors (2048K)
 Metaspace       used 21205K, committed 21504K, reserved 1114112K
  class space    used 2497K, committed 2624K, reserved 1048576K
}
Event: 13.915 GC heap after
{Heap after GC invocations=3 (full 0):
 garbage-first heap   total reserved 1007616K, committed 63488K, used 22427K [0x00000000c2800000, 0x0000000100000000)
  region size 1024K, 4 young (4096K), 4 survivors (4096K)
 Metaspace       used 21205K, committed 21504K, reserved 1114112K
  class space    used 2497K, committed 2624K, reserved 1048576K
}

Dll operation events (11 events):
Event: 0.017 Loaded shared library C:\Program Files\Java\jdk-23\bin\java.dll
Event: 0.088 Loaded shared library C:\Program Files\Java\jdk-23\bin\jsvml.dll
Event: 0.179 Loaded shared library C:\Program Files\Java\jdk-23\bin\net.dll
Event: 0.182 Loaded shared library C:\Program Files\Java\jdk-23\bin\nio.dll
Event: 0.191 Loaded shared library C:\Program Files\Java\jdk-23\bin\zip.dll
Event: 0.369 Loaded shared library C:\Program Files\Java\jdk-23\bin\jimage.dll
Event: 0.435 Loaded shared library C:\Program Files\Java\jdk-23\bin\awt.dll
Event: 1.065 Loaded shared library C:\Program Files\Java\jdk-23\bin\freetype.dll
Event: 1.068 Loaded shared library C:\Program Files\Java\jdk-23\bin\fontmanager.dll
Event: 3.121 Loaded shared library C:\Users\LENOVO\AppData\Local\Temp\flatlaf.temp\flatlaf-windows-x86_64-20518773374071000.dll
Event: 4.455 Loaded shared library C:\Program Files\Java\jdk-23\bin\extnet.dll

Deoptimization events (20 events):
Event: 13.832 Thread 0x000001fc554383c0 DEOPT PACKING pc=0x000001fc07bbbaa4 sp=0x000000f2179fd110
Event: 13.832 Thread 0x000001fc554383c0 DEOPT UNPACKING pc=0x000001fc07584402 sp=0x000000f2179fcf10 mode 2
Event: 13.842 Thread 0x000001fc554383c0 Uncommon trap: trap_request=0xffffff45 fr.pc=0x000001fc07bbdbb8 relative=0x00000000000000b8
Event: 13.842 Thread 0x000001fc554383c0 Uncommon trap: reason=unstable_if action=reinterpret pc=0x000001fc07bbdbb8 method=java.awt.Component.inside(II)Z @ 9 c2
Event: 13.842 Thread 0x000001fc554383c0 DEOPT PACKING pc=0x000001fc07bbdbb8 sp=0x000000f2179fddf0
Event: 13.842 Thread 0x000001fc554383c0 DEOPT UNPACKING pc=0x000001fc07584402 sp=0x000000f2179fdc90 mode 2
Event: 14.116 Thread 0x000001fc554383c0 DEOPT PACKING pc=0x000001fc0048f64a sp=0x000000f2179fb890
Event: 14.116 Thread 0x000001fc554383c0 DEOPT UNPACKING pc=0x000001fc07584b22 sp=0x000000f2179fac70 mode 0
Event: 14.116 Thread 0x000001fc554383c0 Uncommon trap: trap_request=0xffffff45 fr.pc=0x000001fc07bb0c28 relative=0x0000000000004368
Event: 14.116 Thread 0x000001fc554383c0 Uncommon trap: reason=unstable_if action=reinterpret pc=0x000001fc07bb0c28 method=sun.java2d.marlin.Renderer._endRendering(II)V @ 2474 c2
Event: 14.116 Thread 0x000001fc554383c0 DEOPT PACKING pc=0x000001fc07bb0c28 sp=0x000000f2179fb8a0
Event: 14.116 Thread 0x000001fc554383c0 DEOPT UNPACKING pc=0x000001fc07584402 sp=0x000000f2179fb770 mode 2
Event: 14.117 Thread 0x000001fc554383c0 Uncommon trap: trap_request=0xffffff45 fr.pc=0x000001fc07b85c78 relative=0x0000000000001418
Event: 14.117 Thread 0x000001fc554383c0 Uncommon trap: reason=unstable_if action=reinterpret pc=0x000001fc07b85c78 method=sun.java2d.marlin.MarlinTileGenerator.getAlphaRLE([BII)V @ 384 c2
Event: 14.117 Thread 0x000001fc554383c0 DEOPT PACKING pc=0x000001fc07b85c78 sp=0x000000f2179fba90
Event: 14.117 Thread 0x000001fc554383c0 DEOPT UNPACKING pc=0x000001fc07584402 sp=0x000000f2179fb960 mode 2
Event: 14.209 Thread 0x000001fc554383c0 Uncommon trap: trap_request=0xffffff45 fr.pc=0x000001fc07b82798 relative=0x0000000000000c38
Event: 14.209 Thread 0x000001fc554383c0 Uncommon trap: reason=unstable_if action=reinterpret pc=0x000001fc07b82798 method=sun.java2d.marlin.MarlinCache.copyAARowRLE_WithBlockFlags([I[IIII)V @ 218 c2
Event: 14.209 Thread 0x000001fc554383c0 DEOPT PACKING pc=0x000001fc07b82798 sp=0x000000f2179fb860
Event: 14.209 Thread 0x000001fc554383c0 DEOPT UNPACKING pc=0x000001fc07584402 sp=0x000000f2179fb750 mode 2

Classes loaded (20 events):
Event: 14.082 Loading class java/awt/SecondaryLoop done
Event: 14.082 Loading class java/awt/WaitDispatchSupport done
Event: 14.083 Loading class java/awt/WaitDispatchSupport$5
Event: 14.083 Loading class java/awt/WaitDispatchSupport$5 done
Event: 14.083 Loading class java/awt/WaitDispatchSupport$1
Event: 14.083 Loading class java/awt/WaitDispatchSupport$1 done
Event: 14.083 Loading class java/awt/WaitDispatchSupport$2
Event: 14.083 Loading class java/awt/WaitDispatchSupport$2 done
Event: 14.083 Loading class java/awt/WaitDispatchSupport$4
Event: 14.083 Loading class java/awt/WaitDispatchSupport$4 done
Event: 14.126 Loading class java/util/WeakHashMap$EntrySet
Event: 14.127 Loading class java/util/WeakHashMap$EntrySet done
Event: 14.127 Loading class java/util/WeakHashMap$EntryIterator
Event: 14.127 Loading class java/util/WeakHashMap$HashIterator
Event: 14.128 Loading class java/util/WeakHashMap$HashIterator done
Event: 14.128 Loading class java/util/WeakHashMap$EntryIterator done
Event: 14.129 Loading class sun/java2d/opengl/OGLRenderQueue
Event: 14.130 Loading class sun/java2d/opengl/OGLRenderQueue done
Event: 14.220 Loading class java/util/RegularEnumSet$EnumSetIterator
Event: 14.220 Loading class java/util/RegularEnumSet$EnumSetIterator done

Classes unloaded (0 events):
No events

Classes redefined (0 events):
No events

Internal exceptions (20 events):
Event: 3.753 Thread 0x000001fc554383c0 Exception <a 'java/lang/NoSuchMethodError'{0x00000000c5ad24b8}: 'void java.lang.invoke.DelegatingMethodHandle$Holder.reinvoke_L(java.lang.Object, java.lang.Object, float)'> (0x00000000c5ad24b8) 
thrown [s\open\src\hotspot\share\interpreter\linkResolver.cpp, line 796]
Event: 3.754 Thread 0x000001fc554383c0 Exception <a 'java/lang/NoSuchMethodError'{0x00000000c5ad9118}: 'float java.lang.invoke.Invokers$Holder.invokeExact_MT(java.lang.Object, java.lang.Object, java.lang.Object)'> (0x00000000c5ad9118) 
thrown [s\open\src\hotspot\share\interpreter\linkResolver.cpp, line 796]
Event: 3.758 Thread 0x000001fc554383c0 Exception <a 'java/lang/NoSuchMethodError'{0x00000000c5ae6ab0}: 'int java.lang.invoke.DirectMethodHandle$Holder.invokeVirtual(java.lang.Object, java.lang.Object)'> (0x00000000c5ae6ab0) 
thrown [s\open\src\hotspot\share\interpreter\linkResolver.cpp, line 796]
Event: 3.760 Thread 0x000001fc554383c0 Exception <a 'java/lang/NoSuchMethodError'{0x00000000c5aeaf48}: 'void java.lang.invoke.DirectMethodHandle$Holder.invokeVirtual(java.lang.Object, java.lang.Object, int)'> (0x00000000c5aeaf48) 
thrown [s\open\src\hotspot\share\interpreter\linkResolver.cpp, line 796]
Event: 3.841 Thread 0x000001fc554383c0 Exception <a 'java/lang/NoSuchMethodError'{0x00000000c59d2e10}: 'java.lang.Object java.lang.invoke.DirectMethodHandle$Holder.invokeInterface(java.lang.Object, java.lang.Object)'> (0x00000000c59d2e10) 
thrown [s\open\src\hotspot\share\interpreter\linkResolver.cpp, line 796]
Event: 3.963 Thread 0x000001fc554383c0 Exception <a 'java/lang/NoSuchMethodError'{0x00000000c65ead28}: 'void java.lang.invoke.DirectMethodHandle$Holder.invokeSpecial(java.lang.Object, java.lang.Object, int, java.lang.Object)'> (0x00000000c65ead28) 
thrown [s\open\src\hotspot\share\interpreter\linkResolver.cpp, line 796]
Event: 3.965 Thread 0x000001fc554383c0 Exception <a 'java/lang/NoSuchMethodError'{0x00000000c65f07b0}: 'java.lang.Object java.lang.invoke.DirectMethodHandle$Holder.newInvokeSpecial(java.lang.Object, java.lang.Object, int)'> (0x00000000c65f07b0) 
thrown [s\open\src\hotspot\share\interpreter\linkResolver.cpp, line 796]
Event: 4.221 Thread 0x000001fc554383c0 Exception <a 'java/lang/NoSuchMethodError'{0x00000000c62eb938}: 'java.lang.Object java.lang.invoke.DirectMethodHandle$Holder.invokeVirtual(java.lang.Object, java.lang.Object, java.lang.Object)'> (0x00000000c62eb938) 
thrown [s\open\src\hotspot\share\interpreter\linkResolver.cpp, line 796]
Event: 4.698 Thread 0x000001fc554383c0 Exception <a 'java/lang/ClassNotFoundException'{0x00000000c5b8cc58}: java/lang/ObjectCustomizer> (0x00000000c5b8cc58) 
thrown [s\open\src\hotspot\share\classfile\systemDictionary.cpp, line 313]
Event: 4.708 Thread 0x000001fc554383c0 Exception <a 'java/lang/IncompatibleClassChangeError'{0x00000000c5b92f78}: Found class java.lang.Object, but interface was expected> (0x00000000c5b92f78) 
thrown [s\open\src\hotspot\share\interpreter\linkResolver.cpp, line 863]
Event: 4.717 Thread 0x000001fc554383c0 Exception <a 'java/lang/ClassNotFoundException'{0x00000000c5bb0978}: net/miginfocom/layout/UnitValueCustomizer> (0x00000000c5bb0978) 
thrown [s\open\src\hotspot\share\classfile\systemDictionary.cpp, line 313]
Event: 4.722 Thread 0x000001fc554383c0 Exception <a 'java/lang/ClassNotFoundException'{0x00000000c5bc3b40}: java/lang/ObjectCustomizer> (0x00000000c5bc3b40) 
thrown [s\open\src\hotspot\share\classfile\systemDictionary.cpp, line 313]
Event: 4.723 Thread 0x000001fc554383c0 Exception <a 'java/lang/ClassNotFoundException'{0x00000000c5bc90c8}: net/miginfocom/layout/BoundSizeCustomizer> (0x00000000c5bc90c8) 
thrown [s\open\src\hotspot\share\classfile\systemDictionary.cpp, line 313]
Event: 4.802 Thread 0x000001fc554383c0 Exception <a 'java/lang/NoSuchMethodError'{0x00000000c5a97840}: 'void java.lang.invoke.DirectMethodHandle$Holder.invokeSpecial(java.lang.Object, java.lang.Object, java.lang.Object, java.lang.Object, java.lang.Object)'> (0x00000000c5a97840) 
thrown [s\open\src\hotspot\share\interpreter\linkResolver.cpp, line 796]
Event: 4.893 Thread 0x000001fc554383c0 Implicit null exception at 0x000001fc07b5dd50 to 0x000001fc07b5df50
Event: 5.368 Thread 0x000001fc554383c0 Exception <a 'java/lang/NoSuchMethodError'{0x00000000c5680590}: 'java.lang.Object java.lang.invoke.DirectMethodHandle$Holder.invokeSpecial(java.lang.Object, java.lang.Object, java.lang.Object, java.lang.Object, java.lang.Object, int)'> (0x00000000c5680590) 
thrown [s\open\src\hotspot\share\interpreter\linkResolver.cpp, line 796]
Event: 13.929 Thread 0x000001fc554383c0 Exception <a 'java/lang/NoSuchMethodError'{0x00000000c65865a0}: 'void java.lang.invoke.Invokers$Holder.invokeExact_MT(java.lang.Object, java.lang.Object, java.lang.Object)'> (0x00000000c65865a0) 
thrown [s\open\src\hotspot\share\interpreter\linkResolver.cpp, line 796]
Event: 14.020 Thread 0x000001fc554383c0 Exception <a 'java/lang/NoSuchMethodError'{0x00000000c6337720}: 'void java.lang.invoke.DirectMethodHandle$Holder.invokeStatic(java.lang.Object, float)'> (0x00000000c6337720) 
thrown [s\open\src\hotspot\share\interpreter\linkResolver.cpp, line 796]
Event: 14.214 Thread 0x000001fc554383c0 Exception <a 'java/lang/NoSuchMethodError'{0x00000000c63c6b88}: 'float java.lang.invoke.DirectMethodHandle$Holder.invokeInterface(java.lang.Object, java.lang.Object)'> (0x00000000c63c6b88) 
thrown [s\open\src\hotspot\share\interpreter\linkResolver.cpp, line 796]
Event: 14.214 Thread 0x000001fc554383c0 Exception <a 'java/lang/IncompatibleClassChangeError'{0x00000000c63ca5c0}: Found class java.lang.Object, but interface was expected> (0x00000000c63ca5c0) 
thrown [s\open\src\hotspot\share\interpreter\linkResolver.cpp, line 863]

VM Operations (20 events):
Event: 3.897 Executing VM operation: G1CollectForAllocation (G1 Evacuation Pause)
Event: 3.905 Executing VM operation: G1CollectForAllocation (G1 Evacuation Pause) done
Event: 4.141 Executing VM operation: HandshakeAllThreads (Deoptimize)
Event: 4.142 Executing VM operation: HandshakeAllThreads (Deoptimize) done
Event: 4.142 Executing VM operation: HandshakeAllThreads (Deoptimize)
Event: 4.142 Executing VM operation: HandshakeAllThreads (Deoptimize) done
Event: 4.555 Executing VM operation: HandshakeAllThreads (Deoptimize)
Event: 4.555 Executing VM operation: HandshakeAllThreads (Deoptimize) done
Event: 5.009 Executing VM operation: HandshakeAllThreads (Deoptimize)
Event: 5.009 Executing VM operation: HandshakeAllThreads (Deoptimize) done
Event: 5.411 Executing VM operation: HandshakeAllThreads (Deoptimize)
Event: 5.411 Executing VM operation: HandshakeAllThreads (Deoptimize) done
Event: 13.908 Executing VM operation: CollectForMetadataAllocation (Metadata GC Threshold)
Event: 13.915 Executing VM operation: CollectForMetadataAllocation (Metadata GC Threshold) done
Event: 13.929 Executing VM operation: G1PauseRemark
Event: 13.932 Executing VM operation: G1PauseRemark done
Event: 13.935 Executing VM operation: G1PauseCleanup
Event: 13.935 Executing VM operation: G1PauseCleanup done
Event: 14.212 Executing VM operation: HandshakeAllThreads (Deoptimize)
Event: 14.212 Executing VM operation: HandshakeAllThreads (Deoptimize) done

Memory protections (0 events):
No events

Nmethod flushes (0 events):
No events

Events (20 events):
Event: 0.081 Thread 0x000001fc66fc5cb0 Thread added: 0x000001fc5013e2c0
Event: 0.081 Thread 0x000001fc66fc5cb0 Thread added: 0x000001fc50141de0
Event: 0.081 Thread 0x000001fc66fc5cb0 Thread added: 0x000001fc50143850
Event: 0.081 Thread 0x000001fc66fc5cb0 Thread added: 0x000001fc501442b0
Event: 0.081 Thread 0x000001fc66fc5cb0 Thread added: 0x000001fc50144d10
Event: 0.081 Thread 0x000001fc66fc5cb0 Thread added: 0x000001fc50145770
Event: 0.081 Thread 0x000001fc66fc5cb0 Thread added: 0x000001fc50148510
Event: 0.084 Thread 0x000001fc66fc5cb0 Thread added: 0x000001fc50178cd0
Event: 0.165 Thread 0x000001fc66fc5cb0 Thread added: 0x000001fc502b03c0
Event: 0.169 Thread 0x000001fc66fc5cb0 Thread added: 0x000001fc502b9a70
Event: 1.081 Thread 0x000001fc66fc5cb0 Thread added: 0x000001fc5050fae0
Event: 2.597 Thread 0x000001fc66fc5cb0 Thread added: 0x000001fc505aa770
Event: 2.599 Thread 0x000001fc66fc5cb0 Thread added: 0x000001fc552216d0
Event: 2.990 Thread 0x000001fc66fc5cb0 Thread added: 0x000001fc554383c0
Event: 2.991 Thread 0x000001fc66fc5cb0 Thread exited: 0x000001fc66fc5cb0
Event: 2.991 Thread 0x000001fc66fc5cb0 Thread added: 0x000001fc66fc5cb0
Event: 3.542 Thread 0x000001fc554383c0 Thread added: 0x000001fc55767270
Event: 4.125 Thread 0x000001fc554383c0 Thread added: 0x000001fc56a97960
Event: 5.480 Thread 0x000001fc554383c0 Thread added: 0x000001fc56b65300
Event: 8.642 Thread 0x000001fc55767270 Thread exited: 0x000001fc55767270


Dynamic libraries:
0x00007ff7c9e60000 - 0x00007ff7c9e70000 	C:\Program Files\Java\jdk-23\bin\java.exe
0x00007ff86ca90000 - 0x00007ff86cca7000 	C:\Windows\SYSTEM32\ntdll.dll
0x00007ff86bae0000 - 0x00007ff86bba4000 	C:\Windows\System32\KERNEL32.DLL
0x00007ff869bd0000 - 0x00007ff869fa3000 	C:\Windows\System32\KERNELBASE.dll
0x00007ff865840000 - 0x00007ff8658d7000 	C:\Windows\SYSTEM32\apphelp.dll
0x00007ff86a590000 - 0x00007ff86a6a1000 	C:\Windows\System32\ucrtbase.dll
0x00007ff866030000 - 0x00007ff866047000 	C:\Program Files\Java\jdk-23\bin\jli.dll
0x00007ff86b770000 - 0x00007ff86b921000 	C:\Windows\System32\USER32.dll
0x00007ff869ba0000 - 0x00007ff869bc6000 	C:\Windows\System32\win32u.dll
0x00007ff86bf10000 - 0x00007ff86bf39000 	C:\Windows\System32\GDI32.dll
0x00007ff86a1c0000 - 0x00007ff86a2db000 	C:\Windows\System32\gdi32full.dll
0x00007ff865c20000 - 0x00007ff865c3b000 	C:\Program Files\Java\jdk-23\bin\VCRUNTIME140.dll
0x00007ff869fb0000 - 0x00007ff86a04a000 	C:\Windows\System32\msvcp_win.dll
0x00007ff857f10000 - 0x00007ff8581a8000 	C:\Windows\WinSxS\amd64_microsoft.windows.common-controls_6595b64144ccf1df_6.0.22621.5124_none_270e8f4f7386d69d\COMCTL32.dll
0x00007ff86b240000 - 0x00007ff86b2e7000 	C:\Windows\System32\msvcrt.dll
0x00007ff86c6b0000 - 0x00007ff86c6e1000 	C:\Windows\System32\IMM32.DLL
0x00007ff866340000 - 0x00007ff86634c000 	C:\Program Files\Java\jdk-23\bin\vcruntime140_1.dll
0x00007ff842550000 - 0x00007ff8425de000 	C:\Program Files\Java\jdk-23\bin\msvcp140.dll
0x00007ff823140000 - 0x00007ff823e90000 	C:\Program Files\Java\jdk-23\bin\server\jvm.dll
0x00007ff86a8e0000 - 0x00007ff86a991000 	C:\Windows\System32\ADVAPI32.dll
0x00007ff86be60000 - 0x00007ff86bf08000 	C:\Windows\System32\sechost.dll
0x00007ff86a190000 - 0x00007ff86a1b8000 	C:\Windows\System32\bcrypt.dll
0x00007ff86c590000 - 0x00007ff86c6a4000 	C:\Windows\System32\RPCRT4.dll
0x00007ff86c740000 - 0x00007ff86c7b1000 	C:\Windows\System32\WS2_32.dll
0x00007ff8699c0000 - 0x00007ff869a0d000 	C:\Windows\SYSTEM32\POWRPROF.dll
0x00007ff865ae0000 - 0x00007ff865b14000 	C:\Windows\SYSTEM32\WINMM.dll
0x00007ff865830000 - 0x00007ff86583a000 	C:\Windows\SYSTEM32\VERSION.dll
0x00007ff8698a0000 - 0x00007ff8698b3000 	C:\Windows\SYSTEM32\UMPDC.dll
0x00007ff868bd0000 - 0x00007ff868be8000 	C:\Windows\SYSTEM32\kernel.appcore.dll
0x00007ff866140000 - 0x00007ff86614a000 	C:\Program Files\Java\jdk-23\bin\jimage.dll
0x00007ff867660000 - 0x00007ff867892000 	C:\Windows\SYSTEM32\DBGHELP.DLL
0x00007ff86c190000 - 0x00007ff86c522000 	C:\Windows\System32\combase.dll
0x00007ff86bbb0000 - 0x00007ff86bc87000 	C:\Windows\System32\OLEAUT32.dll
0x00007ff848810000 - 0x00007ff848842000 	C:\Windows\SYSTEM32\dbgcore.DLL
0x00007ff86a6b0000 - 0x00007ff86a72b000 	C:\Windows\System32\bcryptPrimitives.dll
0x00007ff856f70000 - 0x00007ff856f8e000 	C:\Program Files\Java\jdk-23\bin\java.dll
0x00007ff86a730000 - 0x00007ff86a8d1000 	C:\Windows\System32\ole32.dll
0x00007ff86a9a0000 - 0x00007ff86b236000 	C:\Windows\System32\SHELL32.dll
0x00007ff86a2e0000 - 0x00007ff86a41f000 	C:\Windows\System32\wintypes.dll
0x00007ff867ac0000 - 0x00007ff8683da000 	C:\Windows\SYSTEM32\windows.storage.dll
0x00007ff86c000000 - 0x00007ff86c10a000 	C:\Windows\System32\SHCORE.dll
0x00007ff86ba70000 - 0x00007ff86bad3000 	C:\Windows\System32\shlwapi.dll
0x00007ff869ad0000 - 0x00007ff869afb000 	C:\Windows\SYSTEM32\profapi.dll
0x00007ff82f9f0000 - 0x00007ff82fac7000 	C:\Program Files\Java\jdk-23\bin\jsvml.dll
0x00007ff8660f0000 - 0x00007ff866100000 	C:\Program Files\Java\jdk-23\bin\net.dll
0x00007ff869050000 - 0x00007ff8690ba000 	C:\Windows\system32\mswsock.dll
0x00007ff856e00000 - 0x00007ff856e16000 	C:\Program Files\Java\jdk-23\bin\nio.dll
0x00007ff856de0000 - 0x00007ff856df7000 	C:\Program Files\Java\jdk-23\bin\zip.dll
0x00007ff826300000 - 0x00007ff82648e000 	C:\Program Files\Java\jdk-23\bin\awt.dll
0x00007ff8692b0000 - 0x00007ff8692cb000 	C:\Windows\SYSTEM32\CRYPTSP.dll
0x00007ff868b30000 - 0x00007ff868b67000 	C:\Windows\system32\rsaenh.dll
0x00007ff869140000 - 0x00007ff869168000 	C:\Windows\SYSTEM32\USERENV.dll
0x00007ff8692a0000 - 0x00007ff8692ac000 	C:\Windows\SYSTEM32\CRYPTBASE.dll
0x00007ff868640000 - 0x00007ff86866d000 	C:\Windows\SYSTEM32\IPHLPAPI.DLL
0x00007ff86bf40000 - 0x00007ff86bf49000 	C:\Windows\System32\NSI.dll
0x00007ff82e460000 - 0x00007ff82e4e7000 	C:\Program Files\Java\jdk-23\bin\freetype.dll
0x00007ff823060000 - 0x00007ff823137000 	C:\Program Files\Java\jdk-23\bin\fontmanager.dll
0x00007ff866f30000 - 0x00007ff866f5e000 	C:\Windows\system32\DWMAPI.DLL
0x00007ff866c90000 - 0x00007ff866d43000 	C:\Windows\system32\uxtheme.dll
0x00007ff86c7e0000 - 0x00007ff86c940000 	C:\Windows\System32\MSCTF.dll
0x00007ff866010000 - 0x00007ff866028000 	C:\Program Files (x86)\Smadav\SmadHook64c.dll
0x00007ff86a050000 - 0x00007ff86a0cb000 	C:\Windows\System32\WINTRUST.dll
0x00007ff86a420000 - 0x00007ff86a587000 	C:\Windows\System32\CRYPT32.dll
0x00007ff869300000 - 0x00007ff869312000 	C:\Windows\System32\MSASN1.dll
0x00007ff84f800000 - 0x00007ff84f900000 	C:\Windows\system32\opengl32.dll
0x00007ff854d10000 - 0x00007ff854d3d000 	C:\Windows\SYSTEM32\GLU32.dll
0x00007ff866dc0000 - 0x00007ff866df7000 	C:\Windows\SYSTEM32\dxcore.dll
0x00007ff866130000 - 0x00007ff866136000 	C:\Users\LENOVO\AppData\Local\Temp\flatlaf.temp\flatlaf-windows-x86_64-20518773374071000.dll
0x00007ff858350000 - 0x00007ff858357000 	C:\Program Files\Java\jdk-23\bin\jawt.dll
0x00007ff8686b0000 - 0x00007ff8687b2000 	C:\Windows\SYSTEM32\DNSAPI.dll
0x00007ff855b90000 - 0x00007ff855b9a000 	C:\Windows\System32\rasadhlp.dll
0x00007ff862d10000 - 0x00007ff862d93000 	C:\Windows\System32\fwpuclnt.dll
0x00007ff8609f0000 - 0x00007ff8609f9000 	C:\Program Files\Java\jdk-23\bin\extnet.dll
0x00007ff86bf50000 - 0x00007ff86c000000 	C:\Windows\System32\clbcatq.dll
0x00007ff866a50000 - 0x00007ff866c00000 	C:\Windows\SYSTEM32\WindowsCodecs.dll
0x00007ff84b0c0000 - 0x00007ff84b11e000 	C:\Windows\system32\dataexchange.dll
0x00007ff861200000 - 0x00007ff8614a6000 	C:\Windows\system32\twinapi.appcore.dll
0x00007ff858da0000 - 0x00007ff858ee4000 	C:\Windows\SYSTEM32\textinputframework.dll
0x00007ff865250000 - 0x00007ff865385000 	C:\Windows\SYSTEM32\CoreMessaging.dll
0x00007ff862540000 - 0x00007ff8628ac000 	C:\Windows\SYSTEM32\CoreUIComponents.dll

dbghelp: loaded successfully - version: 4.0.5 - missing functions: none
symbol engine: initialized successfully - sym options: 0x614 - pdb path: .;C:\Program Files\Java\jdk-23\bin;C:\Windows\SYSTEM32;C:\Windows\WinSxS\amd64_microsoft.windows.common-controls_6595b64144ccf1df_6.0.22621.5124_none_270e8f4f7386d69d;C:\Program Files\Java\jdk-23\bin\server;C:\Program Files (x86)\Smadav;C:\Users\LENOVO\AppData\Local\Temp\flatlaf.temp

VM Arguments:
jvm_args: -Dfile.encoding=UTF-8 
java_command: raven.application.Application
java_class_path (initial): C:\Users\LENOVO\Downloads\tokoPOS-main\tokoPOS-main\lib\flatlaf-fonts-roboto-2.137.jar;C:\Users\LENOVO\Downloads\tokoPOS-main\tokoPOS-main\lib\flatlaf-3.4.1.jar;C:\Users\LENOVO\Downloads\tokoPOS-main\tokoPOS-main\lib\flatlaf-extras-3.4.1.jar;C:\Users\LENOVO\Downloads\tokoPOS-main\tokoPOS-main\lib\jsvg-1.4.0.jar;C:\Users\LENOVO\Downloads\tokoPOS-main\tokoPOS-main\lib\miglayout-core.jar;C:\Users\LENOVO\Downloads\tokoPOS-main\tokoPOS-main\lib\miglayout-swing.jar;C:\Users\LENOVO\Downloads\tokoPOS-main\tokoPOS-main\lib\swing-toast-notifications-1.0.2.jar;C:\Users\LENOVO\Downloads\netbeans-bin\netbeans\java\modules\ext\AbsoluteLayout.jar;C:\Users\LENOVO\Downloads\mysql-connector-j-9.1.0.jar;C:\Users\LENOVO\Downloads\tokoPOS-main\tokoPOS-main\build\classes
Launcher Type: SUN_STANDARD

[Global flags]
     intx CICompilerCount                          = 3                                         {product} {ergonomic}
     uint ConcGCThreads                            = 1                                         {product} {ergonomic}
     uint G1ConcRefinementThreads                  = 4                                         {product} {ergonomic}
   size_t G1HeapRegionSize                         = 1048576                                   {product} {ergonomic}
   size_t InitialHeapSize                          = 65011712                                  {product} {ergonomic}
   size_t MarkStackSize                            = 4194304                                   {product} {ergonomic}
   size_t MarkStackSizeMax                         = 536870912                                 {product} {ergonomic}
   size_t MaxHeapSize                              = 1031798784                                {product} {ergonomic}
   size_t MaxNewSize                               = 618659840                                 {product} {ergonomic}
   size_t MinHeapDeltaBytes                        = 1048576                                   {product} {ergonomic}
   size_t MinHeapSize                              = 8388608                                   {product} {ergonomic}
    uintx NonNMethodCodeHeapSize                   = 5832704                                {pd product} {ergonomic}
    uintx NonProfiledCodeHeapSize                  = 122945536                              {pd product} {ergonomic}
     bool PerfDisableSharedMem                     = true                                      {product} {ergonomic}
    uintx ProfiledCodeHeapSize                     = 122880000                              {pd product} {ergonomic}
    uintx ReservedCodeCacheSize                    = 251658240                              {pd product} {ergonomic}
     bool SegmentedCodeCache                       = true                                      {product} {ergonomic}
   size_t SoftMaxHeapSize                          = 1031798784                             {manageable} {ergonomic}
     bool UseCompressedOops                        = true                           {product lp64_product} {ergonomic}
     bool UseG1GC                                  = true                                      {product} {ergonomic}
     bool UseLargePagesIndividualAllocation        = false                                  {pd product} {ergonomic}

Logging:
Log output configuration:
 #0: stdout all=warning uptime,level,tags foldmultilines=false
 #1: stderr all=off uptime,level,tags foldmultilines=false

Environment Variables:
PATH=C:\Program Files\Common Files\Oracle\Java\javapath;C:\Program Files (x86)\Common Files\Oracle\Java\java8path;C:\Program Files (x86)\Common Files\Oracle\Java\javapath;C:\Windows\system32;C:\Windows;C:\Windows\System32\Wbem;C:\Windows\System32\WindowsPowerShell\v1.0\;C:\Windows\System32\OpenSSH\;C:\Users\LENOVO\AppData\Local\Microsoft\WindowsApps;
USERNAME=LENOVO
OS=Windows_NT
PROCESSOR_IDENTIFIER=Intel64 Family 6 Model 142 Stepping 12, GenuineIntel
TMP=C:\Users\LENOVO\AppData\Local\Temp
TEMP=C:\Users\LENOVO\AppData\Local\Temp




Periodic native trim disabled

---------------  S Y S T E M  ---------------

OS:
 Windows 11 , 64 bit Build 22621 (10.0.22621.5124)
OS uptime: 23 days 17:57 hours

CPU: total 4 (initial active 4) (2 cores per cpu, 2 threads per core) family 6 model 142 stepping 12 microcode 0xde, cx8, cmov, fxsr, ht, mmx, 3dnowpref, sse, sse2, sse3, ssse3, sse4.1, sse4.2, popcnt, lzcnt, tsc, tscinvbit, avx, avx2, aes, erms, clmul, bmi1, bmi2, adx, fma, vzeroupper, clflush, clflushopt, rdtscp, f16c
Processor Information for the first 4 processors :
  Max Mhz: 2501, Current Mhz: 2501, Mhz Limit: 2501

Memory: 4k page, system-wide physical 3933M (209M free)
TotalPageFile size 14173M (AvailPageFile size 3M)
current process WorkingSet (physical memory assigned to process): 159M, peak: 159M
current process commit charge ("private bytes"): 198M, peak: 199M

vm_info: Java HotSpot(TM) 64-Bit Server VM (23.0.2+7-58) for windows-amd64 JRE (23.0.2+7-58), built on 2024-11-29T09:34:55Z with MS VC++ 17.6 (VS2022)

END.
